#! /c/Source/iverilog-install/bin/vvp
:ivl_version "12.0 (devel)" "(s20150603-1539-g2693dd32b)";
:ivl_delay_selection "TYPICAL";
:vpi_time_precision + 0;
:vpi_module "C:\iverilog\lib\ivl\system.vpi";
:vpi_module "C:\iverilog\lib\ivl\vhdl_sys.vpi";
:vpi_module "C:\iverilog\lib\ivl\vhdl_textio.vpi";
:vpi_module "C:\iverilog\lib\ivl\v2005_math.vpi";
:vpi_module "C:\iverilog\lib\ivl\va_math.vpi";
S_000001dcf46ed210 .scope module, "ALU_Testbench" "ALU_Testbench" 2 22;
 .timescale 0 0;
v000001dcf46ea3e0_0 .var "A", 3 0;
v000001dcf46ea480_0 .var "B", 3 0;
v000001dcf46ea520_0 .var "control", 2 0;
v000001dcf46ea5c0_0 .net "result", 3 0, v000001dcf46ea340_0;  1 drivers
S_000001dcf46ed3a0 .scope module, "uut" "ALU" 2 27, 2 1 0, S_000001dcf46ed210;
 .timescale 0 0;
    .port_info 0 /INPUT 4 "A";
    .port_info 1 /INPUT 4 "B";
    .port_info 2 /INPUT 3 "control";
    .port_info 3 /OUTPUT 4 "result";
v000001dcf45f2cc0_0 .net "A", 3 0, v000001dcf46ea3e0_0;  1 drivers
v000001dcf46ea200_0 .net "B", 3 0, v000001dcf46ea480_0;  1 drivers
v000001dcf46ea2a0_0 .net "control", 2 0, v000001dcf46ea520_0;  1 drivers
v000001dcf46ea340_0 .var "result", 3 0;
E_000001dcf4629740 .event anyedge, v000001dcf46ea2a0_0, v000001dcf45f2cc0_0, v000001dcf46ea200_0;
    .scope S_000001dcf46ed3a0;
T_0 ;
    %wait E_000001dcf4629740;
    %load/vec4 v000001dcf46ea2a0_0;
    %dup/vec4;
    %pushi/vec4 0, 0, 3;
    %cmp/u;
    %jmp/1 T_0.0, 6;
    %dup/vec4;
    %pushi/vec4 1, 0, 3;
    %cmp/u;
    %jmp/1 T_0.1, 6;
    %dup/vec4;
    %pushi/vec4 2, 0, 3;
    %cmp/u;
    %jmp/1 T_0.2, 6;
    %dup/vec4;
    %pushi/vec4 3, 0, 3;
    %cmp/u;
    %jmp/1 T_0.3, 6;
    %dup/vec4;
    %pushi/vec4 4, 0, 3;
    %cmp/u;
    %jmp/1 T_0.4, 6;
    %pushi/vec4 0, 0, 4;
    %store/vec4 v000001dcf46ea340_0, 0, 4;
    %jmp T_0.6;
T_0.0 ;
    %load/vec4 v000001dcf45f2cc0_0;
    %load/vec4 v000001dcf46ea200_0;
    %add;
    %store/vec4 v000001dcf46ea340_0, 0, 4;
    %jmp T_0.6;
T_0.1 ;
    %load/vec4 v000001dcf45f2cc0_0;
    %load/vec4 v000001dcf46ea200_0;
    %sub;
    %store/vec4 v000001dcf46ea340_0, 0, 4;
    %jmp T_0.6;
T_0.2 ;
    %load/vec4 v000001dcf45f2cc0_0;
    %load/vec4 v000001dcf46ea200_0;
    %and;
    %store/vec4 v000001dcf46ea340_0, 0, 4;
    %jmp T_0.6;
T_0.3 ;
    %load/vec4 v000001dcf45f2cc0_0;
    %load/vec4 v000001dcf46ea200_0;
    %or;
    %store/vec4 v000001dcf46ea340_0, 0, 4;
    %jmp T_0.6;
T_0.4 ;
    %load/vec4 v000001dcf45f2cc0_0;
    %inv;
    %store/vec4 v000001dcf46ea340_0, 0, 4;
    %jmp T_0.6;
T_0.6 ;
    %pop/vec4 1;
    %jmp T_0;
    .thread T_0, $push;
    .scope S_000001dcf46ed210;
T_1 ;
    %vpi_call 2 35 "$monitor", "Time: %0t | A: %b | B: %b | control: %b | result: %b", $time, v000001dcf46ea3e0_0, v000001dcf46ea480_0, v000001dcf46ea520_0, v000001dcf46ea5c0_0 {0 0 0};
    %end;
    .thread T_1;
    .scope S_000001dcf46ed210;
T_2 ;
    %pushi/vec4 5, 0, 4;
    %store/vec4 v000001dcf46ea3e0_0, 0, 4;
    %pushi/vec4 3, 0, 4;
    %store/vec4 v000001dcf46ea480_0, 0, 4;
    %pushi/vec4 0, 0, 3;
    %store/vec4 v000001dcf46ea520_0, 0, 3;
    %delay 10, 0;
    %pushi/vec4 8, 0, 4;
    %store/vec4 v000001dcf46ea3e0_0, 0, 4;
    %pushi/vec4 2, 0, 4;
    %store/vec4 v000001dcf46ea480_0, 0, 4;
    %pushi/vec4 1, 0, 3;
    %store/vec4 v000001dcf46ea520_0, 0, 3;
    %delay 10, 0;
    %pushi/vec4 12, 0, 4;
    %store/vec4 v000001dcf46ea3e0_0, 0, 4;
    %pushi/vec4 10, 0, 4;
    %store/vec4 v000001dcf46ea480_0, 0, 4;
    %pushi/vec4 2, 0, 3;
    %store/vec4 v000001dcf46ea520_0, 0, 3;
    %delay 10, 0;
    %pushi/vec4 12, 0, 4;
    %store/vec4 v000001dcf46ea3e0_0, 0, 4;
    %pushi/vec4 10, 0, 4;
    %store/vec4 v000001dcf46ea480_0, 0, 4;
    %pushi/vec4 3, 0, 3;
    %store/vec4 v000001dcf46ea520_0, 0, 3;
    %delay 10, 0;
    %pushi/vec4 10, 0, 4;
    %store/vec4 v000001dcf46ea3e0_0, 0, 4;
    %pushi/vec4 4, 0, 3;
    %store/vec4 v000001dcf46ea520_0, 0, 3;
    %delay 10, 0;
    %vpi_call 2 54 "$finish" {0 0 0};
    %end;
    .thread T_2;
# The file index is used to find the file name in the following table.
:file_names 3;
    "N/A";
    "<interactive>";
    "ALU.v";
